                                 Started job on |	May 08 23:21:13
                             Started mapping on |	May 08 23:22:05
                                    Finished on |	May 08 23:22:47
       Mapping speed, Million of reads per hour |	71.89

                          Number of input reads |	838762
                      Average input read length |	199
                                    UNIQUE READS:
                   Uniquely mapped reads number |	723546
                        Uniquely mapped reads % |	86.26%
                          Average mapped length |	198.34
                       Number of splices: Total |	299791
            Number of splices: Annotated (sjdb) |	297524
                       Number of splices: GT/AG |	292917
                       Number of splices: GC/AG |	5985
                       Number of splices: AT/AC |	56
               Number of splices: Non-canonical |	833
                      Mismatch rate per base, % |	0.29%
                         Deletion rate per base |	0.02%
                        Deletion average length |	1.82
                        Insertion rate per base |	0.02%
                       Insertion average length |	1.65
                             MULTI-MAPPING READS:
        Number of reads mapped to multiple loci |	76267
             % of reads mapped to multiple loci |	9.09%
        Number of reads mapped to too many loci |	24
             % of reads mapped to too many loci |	0.00%
                                  UNMAPPED READS:
  Number of reads unmapped: too many mismatches |	0
       % of reads unmapped: too many mismatches |	0.00%
            Number of reads unmapped: too short |	38925
                 % of reads unmapped: too short |	4.64%
                Number of reads unmapped: other |	0
                     % of reads unmapped: other |	0.00%
                                  CHIMERIC READS:
                       Number of chimeric reads |	0
                            % of chimeric reads |	0.00%
