                                 Started job on |	May 09 00:02:02
                             Started mapping on |	May 09 00:02:54
                                    Finished on |	May 09 00:03:39
       Mapping speed, Million of reads per hour |	114.44

                          Number of input reads |	1430486
                      Average input read length |	197
                                    UNIQUE READS:
                   Uniquely mapped reads number |	1302157
                        Uniquely mapped reads % |	91.03%
                          Average mapped length |	196.11
                       Number of splices: Total |	233848
            Number of splices: Annotated (sjdb) |	231859
                       Number of splices: GT/AG |	230756
                       Number of splices: GC/AG |	2108
                       Number of splices: AT/AC |	61
               Number of splices: Non-canonical |	923
                      Mismatch rate per base, % |	0.24%
                         Deletion rate per base |	0.01%
                        Deletion average length |	1.69
                        Insertion rate per base |	0.03%
                       Insertion average length |	1.10
                             MULTI-MAPPING READS:
        Number of reads mapped to multiple loci |	68877
             % of reads mapped to multiple loci |	4.81%
        Number of reads mapped to too many loci |	38
             % of reads mapped to too many loci |	0.00%
                                  UNMAPPED READS:
  Number of reads unmapped: too many mismatches |	0
       % of reads unmapped: too many mismatches |	0.00%
            Number of reads unmapped: too short |	59414
                 % of reads unmapped: too short |	4.15%
                Number of reads unmapped: other |	0
                     % of reads unmapped: other |	0.00%
                                  CHIMERIC READS:
                       Number of chimeric reads |	0
                            % of chimeric reads |	0.00%
