                                 Started job on |	May 08 23:25:31
                             Started mapping on |	May 08 23:26:20
                                    Finished on |	May 08 23:26:55
       Mapping speed, Million of reads per hour |	120.20

                          Number of input reads |	1168598
                      Average input read length |	199
                                    UNIQUE READS:
                   Uniquely mapped reads number |	1022931
                        Uniquely mapped reads % |	87.53%
                          Average mapped length |	198.09
                       Number of splices: Total |	511651
            Number of splices: Annotated (sjdb) |	507742
                       Number of splices: GT/AG |	500172
                       Number of splices: GC/AG |	10144
                       Number of splices: AT/AC |	26
               Number of splices: Non-canonical |	1309
                      Mismatch rate per base, % |	0.28%
                         Deletion rate per base |	0.02%
                        Deletion average length |	2.00
                        Insertion rate per base |	0.03%
                       Insertion average length |	1.84
                             MULTI-MAPPING READS:
        Number of reads mapped to multiple loci |	117527
             % of reads mapped to multiple loci |	10.06%
        Number of reads mapped to too many loci |	24
             % of reads mapped to too many loci |	0.00%
                                  UNMAPPED READS:
  Number of reads unmapped: too many mismatches |	0
       % of reads unmapped: too many mismatches |	0.00%
            Number of reads unmapped: too short |	28116
                 % of reads unmapped: too short |	2.41%
                Number of reads unmapped: other |	0
                     % of reads unmapped: other |	0.00%
                                  CHIMERIC READS:
                       Number of chimeric reads |	0
                            % of chimeric reads |	0.00%
