                                 Started job on |	May 08 23:23:54
                             Started mapping on |	May 08 23:24:47
                                    Finished on |	May 08 23:25:31
       Mapping speed, Million of reads per hour |	115.18

                          Number of input reads |	1407762
                      Average input read length |	197
                                    UNIQUE READS:
                   Uniquely mapped reads number |	1278207
                        Uniquely mapped reads % |	90.80%
                          Average mapped length |	196.60
                       Number of splices: Total |	310543
            Number of splices: Annotated (sjdb) |	308286
                       Number of splices: GT/AG |	306881
                       Number of splices: GC/AG |	2774
                       Number of splices: AT/AC |	34
               Number of splices: Non-canonical |	854
                      Mismatch rate per base, % |	0.25%
                         Deletion rate per base |	0.01%
                        Deletion average length |	1.67
                        Insertion rate per base |	0.04%
                       Insertion average length |	1.06
                             MULTI-MAPPING READS:
        Number of reads mapped to multiple loci |	65705
             % of reads mapped to multiple loci |	4.67%
        Number of reads mapped to too many loci |	22
             % of reads mapped to too many loci |	0.00%
                                  UNMAPPED READS:
  Number of reads unmapped: too many mismatches |	0
       % of reads unmapped: too many mismatches |	0.00%
            Number of reads unmapped: too short |	63828
                 % of reads unmapped: too short |	4.53%
                Number of reads unmapped: other |	0
                     % of reads unmapped: other |	0.00%
                                  CHIMERIC READS:
                       Number of chimeric reads |	0
                            % of chimeric reads |	0.00%
