                                 Started job on |	May 08 23:26:55
                             Started mapping on |	May 08 23:27:25
                                    Finished on |	May 08 23:27:43
       Mapping speed, Million of reads per hour |	101.54

                          Number of input reads |	507719
                      Average input read length |	201
                                    UNIQUE READS:
                   Uniquely mapped reads number |	437811
                        Uniquely mapped reads % |	86.23%
                          Average mapped length |	200.68
                       Number of splices: Total |	344789
            Number of splices: Annotated (sjdb) |	342682
                       Number of splices: GT/AG |	340519
                       Number of splices: GC/AG |	3425
                       Number of splices: AT/AC |	11
               Number of splices: Non-canonical |	834
                      Mismatch rate per base, % |	0.30%
                         Deletion rate per base |	0.01%
                        Deletion average length |	1.70
                        Insertion rate per base |	0.02%
                       Insertion average length |	1.33
                             MULTI-MAPPING READS:
        Number of reads mapped to multiple loci |	62196
             % of reads mapped to multiple loci |	12.25%
        Number of reads mapped to too many loci |	17
             % of reads mapped to too many loci |	0.00%
                                  UNMAPPED READS:
  Number of reads unmapped: too many mismatches |	0
       % of reads unmapped: too many mismatches |	0.00%
            Number of reads unmapped: too short |	7695
                 % of reads unmapped: too short |	1.52%
                Number of reads unmapped: other |	0
                     % of reads unmapped: other |	0.00%
                                  CHIMERIC READS:
                       Number of chimeric reads |	0
                            % of chimeric reads |	0.00%
