                                 Started job on |	May 08 23:29:14
                             Started mapping on |	May 08 23:29:53
                                    Finished on |	May 08 23:30:17
       Mapping speed, Million of reads per hour |	85.46

                          Number of input reads |	569701
                      Average input read length |	201
                                    UNIQUE READS:
                   Uniquely mapped reads number |	460840
                        Uniquely mapped reads % |	80.89%
                          Average mapped length |	199.65
                       Number of splices: Total |	301674
            Number of splices: Annotated (sjdb) |	299868
                       Number of splices: GT/AG |	298406
                       Number of splices: GC/AG |	2686
                       Number of splices: AT/AC |	6
               Number of splices: Non-canonical |	576
                      Mismatch rate per base, % |	0.39%
                         Deletion rate per base |	0.02%
                        Deletion average length |	1.78
                        Insertion rate per base |	0.02%
                       Insertion average length |	1.52
                             MULTI-MAPPING READS:
        Number of reads mapped to multiple loci |	98002
             % of reads mapped to multiple loci |	17.20%
        Number of reads mapped to too many loci |	22
             % of reads mapped to too many loci |	0.00%
                                  UNMAPPED READS:
  Number of reads unmapped: too many mismatches |	0
       % of reads unmapped: too many mismatches |	0.00%
            Number of reads unmapped: too short |	10837
                 % of reads unmapped: too short |	1.90%
                Number of reads unmapped: other |	0
                     % of reads unmapped: other |	0.00%
                                  CHIMERIC READS:
                       Number of chimeric reads |	0
                            % of chimeric reads |	0.00%
