EggNOG data 5.0 available at /sw/data/uppnex/eggNOG/5.0
[1;32mFunctional annotation of hits...[0m
0 5.245208740234375e-06 0.00 q/s (% mem usage: 12.50, % mem avail: 87.47)
#  emapper-2.1.5
# emapper.py  -i /home/nanxi/Genome_anaysis/analyses/09_DNA_masking/DNA_pilon_out.fasta.masked --itype genome -o /proj/genomeanalysis2022/nobackup/work/nanxi/analyses/14_annotation_eggnogmapper/eggnogmapper_out --cpu 8
[1;33m  /sw/bioinfo/eggNOG-mapper/2.1.5/snowy/lib/python3.8/site-packages/eggnogmapper/bin/diamond blastx -d /crex/data/eggNOG_data/5.0/eggnog_proteins.dmnd -q /domus/h1/nanxi/Genome_anaysis/analyses/09_DNA_masking/DNA_pilon_out.fasta.masked --threads 8 -o /proj/genomeanalysis2022/nobackup/work/nanxi/analyses/14_annotation_eggnogmapper/eggnogmapper_out.emapper.hits  --sensitive -e 0.001 --max-target-seqs 0 --max-hsps 0  --outfmt 6 qseqid sseqid pident length mismatch gapopen qstart qend sstart send evalue bitscore qcovhsp scovhsp[0m
[1;32mDecorating gff file /proj/genomeanalysis2022/nobackup/work/nanxi/analyses/14_annotation_eggnogmapper/eggnogmapper_out.emapper.gff...[0m
Parsing fasta file /domus/h1/nanxi/Genome_anaysis/analyses/09_DNA_masking/DNA_pilon_out.fasta.masked...
Fasta file /domus/h1/nanxi/Genome_anaysis/analyses/09_DNA_masking/DNA_pilon_out.fasta.masked parsing complete.
500 322.36031222343445 1.55 q/s (% mem usage: 20.70, % mem avail: 79.26)
1000 322.37802624702454 3.10 q/s (% mem usage: 20.70, % mem avail: 79.26)
1500 322.3951151371002 4.65 q/s (% mem usage: 20.70, % mem avail: 79.26)
2000 322.41020798683167 6.20 q/s (% mem usage: 20.70, % mem avail: 79.26)
2500 322.4266619682312 7.75 q/s (% mem usage: 20.70, % mem avail: 79.26)
3000 322.4451780319214 9.30 q/s (% mem usage: 20.70, % mem avail: 79.26)
3500 322.461238861084 10.85 q/s (% mem usage: 20.70, % mem avail: 79.26)
4000 322.47606325149536 12.40 q/s (% mem usage: 20.70, % mem avail: 79.26)
4500 322.4908413887024 13.95 q/s (% mem usage: 20.70, % mem avail: 79.26)
5000 322.50489020347595 15.50 q/s (% mem usage: 20.70, % mem avail: 79.26)
5500 322.5186884403229 17.05 q/s (% mem usage: 20.70, % mem avail: 79.26)
6000 322.5332474708557 18.60 q/s (% mem usage: 20.70, % mem avail: 79.26)
6500 322.55264019966125 20.15 q/s (% mem usage: 20.70, % mem avail: 79.26)
7000 322.567266702652 21.70 q/s (% mem usage: 20.70, % mem avail: 79.26)
7500 322.5804214477539 23.25 q/s (% mem usage: 20.70, % mem avail: 79.26)
8000 322.59822726249695 24.80 q/s (% mem usage: 20.70, % mem avail: 79.26)
8500 322.61606645584106 26.35 q/s (% mem usage: 20.70, % mem avail: 79.26)
9000 322.63503670692444 27.90 q/s (% mem usage: 20.70, % mem avail: 79.26)
9500 322.6521770954132 29.44 q/s (% mem usage: 20.70, % mem avail: 79.26)
10000 322.6677598953247 30.99 q/s (% mem usage: 20.70, % mem avail: 79.26)
10500 322.6816565990448 32.54 q/s (% mem usage: 20.70, % mem avail: 79.26)
11000 322.69713068008423 34.09 q/s (% mem usage: 20.70, % mem avail: 79.26)
11500 322.7113175392151 35.64 q/s (% mem usage: 20.70, % mem avail: 79.26)
11646 322.8725118637085 36.07 q/s (% mem usage: 20.60, % mem avail: 79.41)
[32mDone[0m
   /proj/genomeanalysis2022/nobackup/work/nanxi/analyses/14_annotation_eggnogmapper/eggnogmapper_out.emapper.genepred.fasta
   /proj/genomeanalysis2022/nobackup/work/nanxi/analyses/14_annotation_eggnogmapper/eggnogmapper_out.emapper.gff
   /proj/genomeanalysis2022/nobackup/work/nanxi/analyses/14_annotation_eggnogmapper/eggnogmapper_out.emapper.hits
   /proj/genomeanalysis2022/nobackup/work/nanxi/analyses/14_annotation_eggnogmapper/eggnogmapper_out.emapper.seed_orthologs
   /proj/genomeanalysis2022/nobackup/work/nanxi/analyses/14_annotation_eggnogmapper/eggnogmapper_out.emapper.annotations

================================================================================
CITATION:
If you use this software, please cite:

[1] eggNOG-mapper v2: functional annotation, orthology assignments, and domain 
      prediction at the metagenomic scale. Carlos P. Cantalapiedra, 
      Ana Hernandez-Plaza, Ivica Letunic, Peer Bork, Jaime Huerta-Cepas.
      biorxiv (2021). doi: https://doi.org/10.1101/2021.06.03.446934

[2] eggNOG 5.0: a hierarchical, functionally and phylogenetically annotated
      orthology resource based on 5090 organisms and 2502 viruses. Jaime
      Huerta-Cepas, Damian Szklarczyk, Davide Heller, Ana Hernandez-Plaza,
      Sofia K Forslund, Helen Cook, Daniel R Mende, Ivica Letunic, Thomas
      Rattei, Lars J Jensen, Christian von Mering and Peer Bork. Nucleic Acids
      Research, Volume 47, Issue D1, 8 January 2019, Pages D309-D314,
      https://doi.org/10.1093/nar/gky1085 

[3] Fast and Sensitive Protein Alignment using DIAMOND. Buchfink B, Xie C,
       Huson DH. 2015. Nat. Methods 12, 59–60. https://doi.org/10.1038/nmeth.3176

e.g. Functional annotation was performed using emapper-2.1.5 [1]
 based on eggNOG orthology data [2]. Sequence searches were performed using [3].


================================================================================

Total hits processed: 11646
Total time: 13544 secs
FINISHED
