56099 GFF lines processed.
100000 alignment record pairs processed.
200000 alignment record pairs processed.
300000 alignment record pairs processed.
400000 alignment record pairs processed.
500000 alignment record pairs processed.
600000 alignment record pairs processed.
700000 alignment record pairs processed.
Warning: Mate records missing for 19 records; first such record: <SAM_Alignment object: Paired-end read 'SRR6040092.56183509.1' aligned to tig00000001_pilon:[1944653,1944856)/+>.
799813 alignment pairs processed.
56099 GFF lines processed.
100000 alignment record pairs processed.
200000 alignment record pairs processed.
300000 alignment record pairs processed.
400000 alignment record pairs processed.
500000 alignment record pairs processed.
600000 alignment record pairs processed.
700000 alignment record pairs processed.
Warning: Mate records missing for 19 records; first such record: <SAM_Alignment object: Paired-end read 'SRR6040093.29269262.1' aligned to tig00000085_pilon:[47,979)/+>.
724781 alignment pairs processed.
56099 GFF lines processed.
100000 alignment record pairs processed.
200000 alignment record pairs processed.
300000 alignment record pairs processed.
400000 alignment record pairs processed.
500000 alignment record pairs processed.
600000 alignment record pairs processed.
700000 alignment record pairs processed.
800000 alignment record pairs processed.
900000 alignment record pairs processed.
1000000 alignment record pairs processed.
1100000 alignment record pairs processed.
1200000 alignment record pairs processed.
1300000 alignment record pairs processed.
Warning: Mate records missing for 35 records; first such record: <SAM_Alignment object: Paired-end read 'SRR6040094.42907019.1' aligned to tig00000001_pilon:[977771,977872)/+>.
1343912 alignment pairs processed.
56099 GFF lines processed.
100000 alignment record pairs processed.
200000 alignment record pairs processed.
300000 alignment record pairs processed.
400000 alignment record pairs processed.
500000 alignment record pairs processed.
600000 alignment record pairs processed.
700000 alignment record pairs processed.
800000 alignment record pairs processed.
900000 alignment record pairs processed.
1000000 alignment record pairs processed.
1100000 alignment record pairs processed.
1200000 alignment record pairs processed.
1300000 alignment record pairs processed.
Warning: Mate records missing for 48 records; first such record: <SAM_Alignment object: Paired-end read 'SRR6040095.5517319.1' aligned to tig00000097_pilon:[11537,11638)/+>.
1371034 alignment pairs processed.
56099 GFF lines processed.
100000 alignment record pairs processed.
200000 alignment record pairs processed.
300000 alignment record pairs processed.
400000 alignment record pairs processed.
500000 alignment record pairs processed.
600000 alignment record pairs processed.
700000 alignment record pairs processed.
800000 alignment record pairs processed.
900000 alignment record pairs processed.
1000000 alignment record pairs processed.
1100000 alignment record pairs processed.
Warning: Mate records missing for 30 records; first such record: <SAM_Alignment object: Paired-end read 'SRR6040096.32050438.1' aligned to tig00000027_pilon:[180730,180831)/->.
1140458 alignment pairs processed.
56099 GFF lines processed.
100000 alignment record pairs processed.
200000 alignment record pairs processed.
300000 alignment record pairs processed.
400000 alignment record pairs processed.
500000 alignment record pairs processed.
Warning: Mate records missing for 6 records; first such record: <SAM_Alignment object: Paired-end read 'SRR6040097.1322464.1' aligned to tig00000149_pilon:[5219,5482)/->.
500007 alignment pairs processed.
56099 GFF lines processed.
100000 alignment record pairs processed.
200000 alignment record pairs processed.
300000 alignment record pairs processed.
400000 alignment record pairs processed.
500000 alignment record pairs processed.
600000 alignment record pairs processed.
700000 alignment record pairs processed.
800000 alignment record pairs processed.
900000 alignment record pairs processed.
1000000 alignment record pairs processed.
1100000 alignment record pairs processed.
1200000 alignment record pairs processed.
Warning: Mate records missing for 164 records; first such record: <SAM_Alignment object: Paired-end read 'SRR6156066.872639.1' aligned to tig00000001_pilon:[26714,26840)/+>.
1228254 alignment pairs processed.
56099 GFF lines processed.
100000 alignment record pairs processed.
200000 alignment record pairs processed.
300000 alignment record pairs processed.
400000 alignment record pairs processed.
500000 alignment record pairs processed.
Warning: Mate records missing for 7 records; first such record: <SAM_Alignment object: Paired-end read 'SRR6156067.24696442.1' aligned to tig00000115_pilon:[10502,10603)/->.
558842 alignment pairs processed.
56099 GFF lines processed.
100000 alignment record pairs processed.
200000 alignment record pairs processed.
300000 alignment record pairs processed.
400000 alignment record pairs processed.
500000 alignment record pairs processed.
600000 alignment record pairs processed.
700000 alignment record pairs processed.
Warning: Mate records missing for 202 records; first such record: <SAM_Alignment object: Paired-end read 'SRR6156069.8302863.1' aligned to tig00000001_pilon:[978056,978270)/+>.
784558 alignment pairs processed.
